<?xml version="1.0" encoding="UTF-8"?>
<testsuite xmlns:xsi="http://www.w3.org/2001/XMLSchema-instance" xsi:noNamespaceSchemaLocation="https://maven.apache.org/surefire/maven-surefire-plugin/xsd/surefire-test-report-3.0.xsd" version="3.0" name="com.budgetplanner.BudgetPlannerApplicationTests" time="7.229" tests="1" errors="0" skipped="0" failures="0">
  <properties>
[...]
</properties>
  <testcase name="contextLoads" classname="com.budgetplanner.BudgetPlannerApplicationTests" time="0.6">
    <system-out><![CDATA[13:18:14.530 [main] INFO org.springframework.test.context.support.AnnotationConfigContextLoaderUtils -- Could not detect default configuration classes for test class [com.budgetplanner.BudgetPlannerApplicationTests]: BudgetPlannerApplicationTests does not declare any static, non-private, non-final, nested classes annotated with @Configuration.
13:18:14.642 [main] INFO org.springframework.boot.test.context.SpringBootTestContextBootstrapper -- Found @SpringBootConfiguration com.budgetplanner.BudgetPlannerApplication for test class com.budgetplanner.BudgetPlannerApplicationTests
13:18:14.813 [main] INFO org.springframework.boot.devtools.restart.RestartApplicationListener -- Restart disabled due to context in which it is running

  .   ____          _            __ _ _
 /\\ / ___'_ __ _ _(_)_ __  __ _ \ \ \ \
( ( )\___ | '_ | '_| | '_ \/ _` | \ \ \ \
 \\/  ___)| |_)| | | | | || (_| |  ) ) ) )
  '  |____| .__|_| |_|_| |_\__, | / / / /
 =========|_|==============|___/=/_/_/_/
 :: Spring Boot ::                (v3.2.5)

2026-06-01T13:18:16.191+05:30  INFO 22940 --- [           main] .s.d.r.c.RepositoryConfigurationDelegate : Bootstrapping Spring Data JPA repositories in DEFAULT mode.
2026-06-01T13:18:16.274+05:30  INFO 22940 --- [           main] .s.d.r.c.RepositoryConfigurationDelegate : Finished Spring Data repository scanning in 73 ms. Found 4 JPA repository interfaces.
2026-06-01T13:18:16.786+05:30  INFO 22940 --- [           main] com.zaxxer.hikari.HikariDataSource       : BudgetPlannerHikariPool - Starting...
2026-06-01T13:18:17.017+05:30  INFO 22940 --- [           main] com.zaxxer.hikari.pool.HikariPool        : BudgetPlannerHikariPool - Added connection conn0: url=jdbc:h2:mem:budget_test_db user=SA
2026-06-01T13:18:17.019+05:30  INFO 22940 --- [           main] com.zaxxer.hikari.HikariDataSource       : BudgetPlannerHikariPool - Start completed.
2026-06-01T13:18:17.181+05:30  INFO 22940 --- [           main] o.hibernate.jpa.internal.util.LogHelper  : HHH000204: Processing PersistenceUnitInfo [name: default]
2026-06-01T13:18:17.279+05:30  INFO 22940 --- [           main] org.hibernate.Version                    : HHH000412: Hibernate ORM core version 6.4.4.Final
2026-06-01T13:18:17.330+05:30  INFO 22940 --- [           main] o.h.c.internal.RegionFactoryInitiator    : HHH000026: Second-level cache disabled
2026-06-01T13:18:17.669+05:30  INFO 22940 --- [           main] o.s.o.j.p.SpringPersistenceUnitInfo      : No LoadTimeWeaver setup: ignoring JPA class transformer
2026-06-01T13:18:17.737+05:30  WARN 22940 --- [           main] org.hibernate.orm.deprecation            : HHH90000025: H2Dialect does not need to be specified explicitly using 'hibernate.dialect' (remove the property setting and it will be selected by default)
2026-06-01T13:18:18.850+05:30  INFO 22940 --- [           main] o.h.e.t.j.p.i.JtaPlatformInitiator       : HHH000489: No JTA platform available (set 'hibernate.transaction.jta.platform' to enable JTA platform integration)
2026-06-01T13:18:18.862+05:30 DEBUG 22940 --- [           main] org.hibernate.SQL                        : 
    drop table if exists expenses cascade 
2026-06-01T13:18:18.868+05:30 DEBUG 22940 --- [           main] org.hibernate.SQL                        : 
    drop table if exists goals cascade 
2026-06-01T13:18:18.868+05:30 DEBUG 22940 --- [           main] org.hibernate.SQL                        : 
    drop table if exists incomes cascade 
2026-06-01T13:18:18.870+05:30 DEBUG 22940 --- [           main] org.hibernate.SQL                        : 
    drop table if exists users cascade 
2026-06-01T13:18:18.870+05:30 DEBUG 22940 --- [           main] org.hibernate.SQL                        : 
    create table expenses (
        amount numeric(15,2) not null,
        date date not null,
        recurring boolean not null,
        created_at timestamp(6) not null,
        id bigint generated by default as identity,
        updated_at timestamp(6),
        user_id bigint not null,
        frequency varchar(20) check (frequency in ('WEEKLY','BIWEEKLY','MONTHLY','YEARLY')),
        category varchar(50) not null check (category in ('HOUSING','TRANSPORTATION','FOOD','UTILITIES','INSURANCE','HEALTHCARE','DEBT_PAYMENTS','ENTERTAINMENT','PERSONAL_CARE','EDUCATION','CLOTHING','GIFTS_DONATIONS','SAVINGS','OTHER')),
        description varchar(500) not null,
        primary key (id)
    )
2026-06-01T13:18:18.877+05:30 DEBUG 22940 --- [           main] org.hibernate.SQL                        : 
    create table goals (
        current_amount numeric(15,2) not null,
        deadline date not null,
        target_amount numeric(15,2) not null,
        created_at timestamp(6) not null,
        id bigint generated by default as identity,
        updated_at timestamp(6),
        user_id bigint not null,
        name varchar(255) not null,
        primary key (id)
    )
2026-06-01T13:18:18.877+05:30 DEBUG 22940 --- [           main] org.hibernate.SQL                        : 
    create table incomes (
        amount numeric(15,2) not null,
        date date not null,
        recurring boolean not null,
        created_at timestamp(6) not null,
        id bigint generated by default as identity,
        updated_at timestamp(6),
        user_id bigint not null,
        frequency varchar(20) check (frequency in ('WEEKLY','BIWEEKLY','MONTHLY','YEARLY')),
        source varchar(255) not null,
        primary key (id)
    )
2026-06-01T13:18:18.877+05:30 DEBUG 22940 --- [           main] org.hibernate.SQL                        : 
    create table users (
        created_at timestamp(6) not null,
        id bigint generated by default as identity,
        updated_at timestamp(6),
        theme varchar(10) not null check (theme in ('LIGHT','DARK')),
        first_name varchar(100) not null,
        last_name varchar(100) not null,
        email varchar(255) not null unique,
        password varchar(255) not null,
        role varchar(255) not null check (role in ('USER','ADMIN')),
        primary key (id)
    )
2026-06-01T13:18:18.877+05:30 DEBUG 22940 --- [           main] org.hibernate.SQL                        : 
    alter table if exists expenses 
       add constraint FKhpk0n2cbnfiuu5nrgl0ika3hq 
       foreign key (user_id) 
       references users
2026-06-01T13:18:18.877+05:30 DEBUG 22940 --- [           main] org.hibernate.SQL                        : 
    alter table if exists goals 
       add constraint FKb1mp6ulyqkpcw6bc1a2mr7v1g 
       foreign key (user_id) 
       references users
2026-06-01T13:18:18.884+05:30 DEBUG 22940 --- [           main] org.hibernate.SQL                        : 
    alter table if exists incomes 
       add constraint FKfq6qeso6vbt9wu7dyhnx8tpu9 
       foreign key (user_id) 
       references users
2026-06-01T13:18:18.884+05:30  INFO 22940 --- [           main] j.LocalContainerEntityManagerFactoryBean : Initialized JPA EntityManagerFactory for persistence unit 'default'
2026-06-01T13:18:19.353+05:30  INFO 22940 --- [           main] o.s.d.j.r.query.QueryEnhancerFactory     : Hibernate is in classpath; If applicable, HQL parser will be used.
2026-06-01T13:18:20.513+05:30  INFO 22940 --- [           main] o.s.s.web.DefaultSecurityFilterChain     : Will secure any request with [org.springframework.security.web.session.DisableEncodeUrlFilter@5bb2f959, org.springframework.security.web.context.request.async.WebAsyncManagerIntegrationFilter@52f0b3d8, org.springframework.security.web.context.SecurityContextHolderFilter@7a680b69, org.springframework.security.web.header.HeaderWriterFilter@144d064a, org.springframework.web.filter.CorsFilter@e071deb, org.springframework.security.web.authentication.logout.LogoutFilter@105fa381, com.budgetplanner.security.JwtAuthenticationFilter@2ded31cc, org.springframework.security.web.savedrequest.RequestCacheAwareFilter@17c533f3, org.springframework.security.web.servletapi.SecurityContextHolderAwareRequestFilter@30386e95, org.springframework.security.web.authentication.AnonymousAuthenticationFilter@1b0964cf, org.springframework.security.web.session.SessionManagementFilter@64b1d0ab, org.springframework.security.web.access.ExceptionTranslationFilter@7c0b0090, org.springframework.security.web.access.intercept.AuthorizationFilter@4e58f26d]
]]></system-out>
  </testcase>
</testsuite>